SF:lib\src\async_relay_command.dart
DA:8,1
DA:9,1
DA:13,1
DA:14,1
DA:19,1
DA:24,1
DA:25,2
DA:27,2
DA:28,3
DA:30,2
DA:37,1
DA:42,1
DA:43,2
DA:45,2
DA:48,3
DA:49,2
DA:50,3
DA:52,1
DA:55,2
LF:19
LH:19
end_of_record
SF:lib\src\async_two_way_command.dart
DA:8,1
DA:9,1
DA:13,1
DA:14,1
DA:22,1
DA:27,1
DA:28,2
DA:30,2
DA:32,2
DA:34,2
DA:43,1
DA:48,1
DA:49,2
DA:51,2
DA:54,3
DA:55,2
DA:56,3
DA:58,1
DA:61,2
LF:19
LH:19
end_of_record
SF:lib\src\relay_command.dart
DA:7,1
DA:8,1
DA:12,1
DA:13,1
DA:18,1
DA:22,1
DA:24,2
DA:25,2
DA:31,1
DA:35,1
DA:37,2
DA:39,2
DA:40,2
DA:41,2
DA:43,1
LF:15
LH:15
end_of_record
SF:lib\src\two_way_command.dart
DA:7,1
DA:8,1
DA:12,1
DA:13,1
DA:21,1
DA:25,1
DA:27,2
DA:28,2
DA:36,1
DA:40,1
DA:42,2
DA:44,2
DA:45,2
DA:46,2
DA:48,1
LF:15
LH:15
end_of_record
SF:lib\src\utils.dart
DA:1,4
DA:2,8
LF:2
LH:2
end_of_record
